<?xml version="1.0" encoding="UTF-8"?>
<testng-results ignored="0" total="1" passed="1" failed="0" skipped="0">
  <reporter-output>
  </reporter-output>
  <suite started-at="2023-08-02T14:46:46 IST" name="CaseStudy_Basic" finished-at="2023-08-02T14:46:53 IST" duration-ms="7053">
    <groups>
    </groups>
    <test started-at="2023-08-02T14:46:46 IST" name="Flipkart Test Suite" finished-at="2023-08-02T14:46:53 IST" duration-ms="7053">
      <class name="com.casestudy.testsuit.Flipkart_Testcase">
        <test-method is-config="true" signature="launch_browser(java.lang.String,java.lang.String)[pri:0, instance:com.casestudy.testsuit.Flipkart_Testcase@d86a6f]" started-at="2023-08-02T14:46:41 IST" name="launch_browser" finished-at="2023-08-02T14:46:46 IST" duration-ms="5656" status="PASS">
          <params>
            <param index="0">
              <value>
                <![CDATA[Chrome]]>
              </value>
            </param>
            <param index="1">
              <value>
                <![CDATA[https://www.flipkart.com/]]>
              </value>
            </param>
          </params>
          <reporter-output>
          </reporter-output>
        </test-method> <!-- launch_browser -->
        <test-method signature="flipkart_test()[pri:1, instance:com.casestudy.testsuit.Flipkart_Testcase@d86a6f]" started-at="2023-08-02T14:46:46 IST" name="flipkart_test" finished-at="2023-08-02T14:46:53 IST" duration-ms="6998" status="PASS">
          <reporter-output>
          </reporter-output>
        </test-method> <!-- flipkart_test -->
        <test-method is-config="true" signature="closeBrowsers()[pri:0, instance:com.casestudy.testsuit.Flipkart_Testcase@d86a6f]" started-at="2023-08-02T14:46:54 IST" name="closeBrowsers" finished-at="2023-08-02T14:46:54 IST" duration-ms="379" status="PASS">
          <reporter-output>
          </reporter-output>
        </test-method> <!-- closeBrowsers -->
      </class> <!-- com.casestudy.testsuit.Flipkart_Testcase -->
    </test> <!-- Flipkart Test Suite -->
  </suite> <!-- CaseStudy_Basic -->
</testng-results>
