<?xml version="1.0" encoding="UTF-8"?>
<!-- Generated by org.testng.reporters.JUnitXMLReporter -->
<testsuite ignored="0" hostname="DESKTOP-AC2UEEL" failures="0" tests="2" name="Automation Panda Test Suite" time="6.896" errors="0" timestamp="2023-08-02T15:29:55 IST">
  <testcase classname="com.casestudy.testsuit.AutomationPanda_Testcase" name="verifyTitleandClickonContactLink" time="2.59"/>
  <testcase classname="com.casestudy.testsuit.AutomationPanda_Testcase" name="fillcontactinformationandverify" time="4.225"/>
</testsuite> <!-- Automation Panda Test Suite -->
