<?xml version="1.0" encoding="UTF-8"?>
<testng-results ignored="0" total="2" passed="2" failed="0" skipped="0">
  <reporter-output>
  </reporter-output>
  <suite started-at="2023-08-02T15:29:48 IST" name="CaseStudy_Basic" finished-at="2023-08-02T15:29:55 IST" duration-ms="6896">
    <groups>
    </groups>
    <test started-at="2023-08-02T15:29:48 IST" name="Automation Panda Test Suite" finished-at="2023-08-02T15:29:55 IST" duration-ms="6896">
      <class name="com.casestudy.testsuit.AutomationPanda_Testcase">
        <test-method is-config="true" signature="launch_browser(java.lang.String,java.lang.String)[pri:0, instance:com.casestudy.testsuit.AutomationPanda_Testcase@2892d68]" started-at="2023-08-02T15:29:37 IST" name="launch_browser" finished-at="2023-08-02T15:29:48 IST" duration-ms="11484" status="PASS">
          <params>
            <param index="0">
              <value>
                <![CDATA[Chrome]]>
              </value>
            </param>
            <param index="1">
              <value>
                <![CDATA[https://automationpanda.com/2021/12/29/want-to-practice-test-automation-try-these-demo-sites/]]>
              </value>
            </param>
          </params>
          <reporter-output>
          </reporter-output>
        </test-method> <!-- launch_browser -->
        <test-method signature="verifyTitleandClickonContactLink()[pri:1, instance:com.casestudy.testsuit.AutomationPanda_Testcase@2892d68]" started-at="2023-08-02T15:29:48 IST" name="verifyTitleandClickonContactLink" finished-at="2023-08-02T15:29:51 IST" duration-ms="2590" status="PASS">
          <reporter-output>
          </reporter-output>
        </test-method> <!-- verifyTitleandClickonContactLink -->
        <test-method signature="fillcontactinformationandverify()[pri:2, instance:com.casestudy.testsuit.AutomationPanda_Testcase@2892d68]" started-at="2023-08-02T15:29:51 IST" name="fillcontactinformationandverify" finished-at="2023-08-02T15:29:55 IST" duration-ms="4225" status="PASS">
          <reporter-output>
          </reporter-output>
        </test-method> <!-- fillcontactinformationandverify -->
        <test-method is-config="true" signature="closeBrowsers()[pri:0, instance:com.casestudy.testsuit.AutomationPanda_Testcase@2892d68]" started-at="2023-08-02T15:29:55 IST" name="closeBrowsers" finished-at="2023-08-02T15:29:56 IST" duration-ms="264" status="PASS">
          <reporter-output>
          </reporter-output>
        </test-method> <!-- closeBrowsers -->
      </class> <!-- com.casestudy.testsuit.AutomationPanda_Testcase -->
    </test> <!-- Automation Panda Test Suite -->
  </suite> <!-- CaseStudy_Basic -->
</testng-results>
