<?xml version="1.0" encoding="UTF-8"?>
<!-- Generated by org.testng.reporters.JUnitXMLReporter -->
<testsuite ignored="0" hostname="DESKTOP-AC2UEEL" failures="0" tests="2" name="Automation Panda Test Suite" time="16.028" errors="0" timestamp="2023-08-02T12:41:31 IST">
  <testcase classname="com.casestudy.testsuit.AutomationPanda_Testcase" name="verifyTitleandClickonContactLink" time="7.055"/>
  <testcase classname="com.casestudy.testsuit.AutomationPanda_Testcase" name="fillcontactinformationandverify" time="8.867"/>
</testsuite> <!-- Automation Panda Test Suite -->
